{"C:\\Users\\Sourabh Singh\\Downloads\\DEVOPS GUIDES\\docker-testing-env\\sample-app\\issues.js": {"path":"C:\\Users\\Sourabh Singh\\Downloads\\DEVOPS GUIDES\\docker-testing-env\\sample-app\\issues.js","statementMap":{"0":{"start":{"line":5,"column":2},"end":{"line":5,"column":27}},"1":{"start":{"line":10,"column":2},"end":{"line":12,"column":3}},"2":{"start":{"line":11,"column":4},"end":{"line":11,"column":19}},"3":{"start":{"line":13,"column":2},"end":{"line":13,"column":19}},"4":{"start":{"line":18,"column":2},"end":{"line":18,"column":8}},"5":{"start":{"line":19,"column":2},"end":{"line":19,"column":11}},"6":{"start":{"line":24,"column":2},"end":{"line":24,"column":13}},"7":{"start":{"line":25,"column":2},"end":{"line":25,"column":14}},"8":{"start":{"line":33,"column":18},"end":{"line":33,"column":20}},"9":{"start":{"line":34,"column":22},"end":{"line":34,"column":29}},"10":{"start":{"line":35,"column":2},"end":{"line":35,"column":15}},"11":{"start":{"line":40,"column":2},"end":{"line":58,"column":3}},"12":{"start":{"line":41,"column":4},"end":{"line":57,"column":5}},"13":{"start":{"line":42,"column":6},"end":{"line":56,"column":7}},"14":{"start":{"line":43,"column":8},"end":{"line":55,"column":9}},"15":{"start":{"line":44,"column":10},"end":{"line":54,"column":11}},"16":{"start":{"line":45,"column":12},"end":{"line":53,"column":13}},"17":{"start":{"line":45,"column":25},"end":{"line":45,"column":26}},"18":{"start":{"line":46,"column":14},"end":{"line":52,"column":15}},"19":{"start":{"line":47,"column":16},"end":{"line":51,"column":17}},"20":{"start":{"line":48,"column":18},"end":{"line":50,"column":19}},"21":{"start":{"line":49,"column":20},"end":{"line":49,"column":32}},"22":{"start":{"line":59,"column":2},"end":{"line":59,"column":15}},"23":{"start":{"line":64,"column":2},"end":{"line":64,"column":25}},"24":{"start":{"line":69,"column":2},"end":{"line":73,"column":3}},"25":{"start":{"line":70,"column":4},"end":{"line":70,"column":20}},"26":{"start":{"line":78,"column":2},"end":{"line":82,"column":3}},"27":{"start":{"line":79,"column":4},"end":{"line":79,"column":16}},"28":{"start":{"line":81,"column":4},"end":{"line":81,"column":17}},"29":{"start":{"line":86,"column":20},"end":{"line":86,"column":21}},"30":{"start":{"line":87,"column":19},"end":{"line":87,"column":50}},"31":{"start":{"line":89,"column":0},"end":{"line":89,"column":98}}},"fnMap":{"0":{"name":"getUserName","decl":{"start":{"line":4,"column":9},"end":{"line":4,"column":20}},"loc":{"start":{"line":4,"column":27},"end":{"line":6,"column":1}},"line":4},"1":{"name":"checkAge","decl":{"start":{"line":9,"column":9},"end":{"line":9,"column":17}},"loc":{"start":{"line":9,"column":23},"end":{"line":14,"column":1}},"line":9},"2":{"name":"computeTotal","decl":{"start":{"line":17,"column":9},"end":{"line":17,"column":21}},"loc":{"start":{"line":17,"column":28},"end":{"line":20,"column":1}},"line":17},"3":{"name":"processData","decl":{"start":{"line":23,"column":9},"end":{"line":23,"column":20}},"loc":{"start":{"line":23,"column":27},"end":{"line":26,"column":1}},"line":23},"4":{"name":"calculate","decl":{"start":{"line":32,"column":9},"end":{"line":32,"column":18}},"loc":{"start":{"line":32,"column":25},"end":{"line":36,"column":1}},"line":32},"5":{"name":"complexLogic","decl":{"start":{"line":39,"column":9},"end":{"line":39,"column":21}},"loc":{"start":{"line":39,"column":37},"end":{"line":60,"column":1}},"line":39},"6":{"name":"greet","decl":{"start":{"line":63,"column":9},"end":{"line":63,"column":14}},"loc":{"start":{"line":63,"column":49},"end":{"line":65,"column":1}},"line":63},"7":{"name":"emptyBlock","decl":{"start":{"line":68,"column":9},"end":{"line":68,"column":19}},"loc":{"start":{"line":68,"column":25},"end":{"line":74,"column":1}},"line":68},"8":{"name":"isValid","decl":{"start":{"line":77,"column":9},"end":{"line":77,"column":16}},"loc":{"start":{"line":77,"column":23},"end":{"line":83,"column":1}},"line":77}},"branchMap":{"0":{"loc":{"start":{"line":10,"column":2},"end":{"line":12,"column":3}},"type":"if","locations":[{"start":{"line":10,"column":2},"end":{"line":12,"column":3}},{"start":{},"end":{}}],"line":10},"1":{"loc":{"start":{"line":10,"column":6},"end":{"line":10,"column":24}},"type":"binary-expr","locations":[{"start":{"line":10,"column":6},"end":{"line":10,"column":13}},{"start":{"line":10,"column":17},"end":{"line":10,"column":24}}],"line":10},"2":{"loc":{"start":{"line":24,"column":2},"end":{"line":24,"column":13}},"type":"if","locations":[{"start":{"line":24,"column":2},"end":{"line":24,"column":13}},{"start":{},"end":{}}],"line":24},"3":{"loc":{"start":{"line":40,"column":2},"end":{"line":58,"column":3}},"type":"if","locations":[{"start":{"line":40,"column":2},"end":{"line":58,"column":3}},{"start":{},"end":{}}],"line":40},"4":{"loc":{"start":{"line":41,"column":4},"end":{"line":57,"column":5}},"type":"if","locations":[{"start":{"line":41,"column":4},"end":{"line":57,"column":5}},{"start":{},"end":{}}],"line":41},"5":{"loc":{"start":{"line":42,"column":6},"end":{"line":56,"column":7}},"type":"if","locations":[{"start":{"line":42,"column":6},"end":{"line":56,"column":7}},{"start":{},"end":{}}],"line":42},"6":{"loc":{"start":{"line":43,"column":8},"end":{"line":55,"column":9}},"type":"if","locations":[{"start":{"line":43,"column":8},"end":{"line":55,"column":9}},{"start":{},"end":{}}],"line":43},"7":{"loc":{"start":{"line":44,"column":10},"end":{"line":54,"column":11}},"type":"if","locations":[{"start":{"line":44,"column":10},"end":{"line":54,"column":11}},{"start":{},"end":{}}],"line":44},"8":{"loc":{"start":{"line":46,"column":14},"end":{"line":52,"column":15}},"type":"if","locations":[{"start":{"line":46,"column":14},"end":{"line":52,"column":15}},{"start":{},"end":{}}],"line":46},"9":{"loc":{"start":{"line":47,"column":16},"end":{"line":51,"column":17}},"type":"if","locations":[{"start":{"line":47,"column":16},"end":{"line":51,"column":17}},{"start":{},"end":{}}],"line":47},"10":{"loc":{"start":{"line":47,"column":20},"end":{"line":47,"column":26}},"type":"binary-expr","locations":[{"start":{"line":47,"column":20},"end":{"line":47,"column":21}},{"start":{"line":47,"column":25},"end":{"line":47,"column":26}}],"line":47},"11":{"loc":{"start":{"line":48,"column":18},"end":{"line":50,"column":19}},"type":"if","locations":[{"start":{"line":48,"column":18},"end":{"line":50,"column":19}},{"start":{},"end":{}}],"line":48},"12":{"loc":{"start":{"line":48,"column":22},"end":{"line":48,"column":28}},"type":"binary-expr","locations":[{"start":{"line":48,"column":22},"end":{"line":48,"column":23}},{"start":{"line":48,"column":27},"end":{"line":48,"column":28}}],"line":48},"13":{"loc":{"start":{"line":78,"column":2},"end":{"line":82,"column":3}},"type":"if","locations":[{"start":{"line":78,"column":2},"end":{"line":82,"column":3}},{"start":{"line":80,"column":9},"end":{"line":82,"column":3}}],"line":78}},"s":{"0":0,"1":3,"2":0,"3":3,"4":2,"5":2,"6":0,"7":0,"8":1,"9":1,"10":1,"11":0,"12":0,"13":0,"14":0,"15":0,"16":0,"17":0,"18":0,"19":0,"20":0,"21":0,"22":0,"23":0,"24":0,"25":0,"26":2,"27":1,"28":1,"29":1,"30":1,"31":1},"f":{"0":0,"1":3,"2":2,"3":0,"4":1,"5":0,"6":0,"7":0,"8":2},"b":{"0":[0,3],"1":[3,1],"2":[0,0],"3":[0,0],"4":[0,0],"5":[0,0],"6":[0,0],"7":[0,0],"8":[0,0],"9":[0,0],"10":[0,0],"11":[0,0],"12":[0,0],"13":[1,1]},"_coverageSchema":"1a1c01bbd47fc00a2c39e90264f33305004495a9","hash":"c6e155714d7f34f0eac501d65928ab4a1ac3f987"}
,"C:\\Users\\Sourabh Singh\\Downloads\\DEVOPS GUIDES\\docker-testing-env\\sample-app\\sum.js": {"path":"C:\\Users\\Sourabh Singh\\Downloads\\DEVOPS GUIDES\\docker-testing-env\\sample-app\\sum.js","statementMap":{"0":{"start":{"line":2,"column":2},"end":{"line":2,"column":15}},"1":{"start":{"line":7,"column":2},"end":{"line":7,"column":100}},"2":{"start":{"line":10,"column":0},"end":{"line":10,"column":21}}},"fnMap":{"0":{"name":"sum","decl":{"start":{"line":1,"column":9},"end":{"line":1,"column":12}},"loc":{"start":{"line":1,"column":19},"end":{"line":3,"column":1}},"line":1},"1":{"name":"isDarkMode","decl":{"start":{"line":6,"column":9},"end":{"line":6,"column":19}},"loc":{"start":{"line":6,"column":22},"end":{"line":8,"column":1}},"line":6}},"branchMap":{"0":{"loc":{"start":{"line":7,"column":9},"end":{"line":7,"column":99}},"type":"binary-expr","locations":[{"start":{"line":7,"column":9},"end":{"line":7,"column":38}},{"start":{"line":7,"column":42},"end":{"line":7,"column":99}}],"line":7}},"s":{"0":9,"1":0,"2":1},"f":{"0":9,"1":0},"b":{"0":[0,0]},"_coverageSchema":"1a1c01bbd47fc00a2c39e90264f33305004495a9","hash":"e74e2c2af3dda51c5428724e21cb399508d1ccdd"}
}
