TN:
SF:issues.js
FN:4,getUserName
FN:9,checkAge
FN:17,computeTotal
FN:23,processData
FN:32,calculate
FN:39,complexLogic
FN:63,greet
FN:68,emptyBlock
FN:77,isValid
FNF:9
FNH:4
FNDA:0,getUserName
FNDA:3,checkAge
FNDA:2,computeTotal
FNDA:0,processData
FNDA:1,calculate
FNDA:0,complexLogic
FNDA:0,greet
FNDA:0,emptyBlock
FNDA:2,isValid
DA:5,0
DA:10,3
DA:11,0
DA:13,3
DA:18,2
DA:19,2
DA:24,0
DA:25,0
DA:33,1
DA:34,1
DA:35,1
DA:40,0
DA:41,0
DA:42,0
DA:43,0
DA:44,0
DA:45,0
DA:46,0
DA:47,0
DA:48,0
DA:49,0
DA:59,0
DA:64,0
DA:69,0
DA:70,0
DA:78,2
DA:79,1
DA:81,1
DA:86,1
DA:87,1
DA:89,1
LF:31
LH:13
BRDA:10,0,0,0
BRDA:10,0,1,3
BRDA:10,1,0,3
BRDA:10,1,1,1
BRDA:24,2,0,0
BRDA:24,2,1,0
BRDA:40,3,0,0
BRDA:40,3,1,0
BRDA:41,4,0,0
BRDA:41,4,1,0
BRDA:42,5,0,0
BRDA:42,5,1,0
BRDA:43,6,0,0
BRDA:43,6,1,0
BRDA:44,7,0,0
BRDA:44,7,1,0
BRDA:46,8,0,0
BRDA:46,8,1,0
BRDA:47,9,0,0
BRDA:47,9,1,0
BRDA:47,10,0,0
BRDA:47,10,1,0
BRDA:48,11,0,0
BRDA:48,11,1,0
BRDA:48,12,0,0
BRDA:48,12,1,0
BRDA:78,13,0,1
BRDA:78,13,1,1
BRF:28
BRH:5
end_of_record
TN:
SF:sum.js
FN:1,sum
FN:6,isDarkMode
FNF:2
FNH:1
FNDA:9,sum
FNDA:0,isDarkMode
DA:2,9
DA:7,0
DA:10,1
LF:3
LH:2
BRDA:7,0,0,0
BRDA:7,0,1,0
BRF:2
BRH:0
end_of_record
